{"level":"info","message":"Server working on http://localhost:3000","timestamp":"2025-10-08T13:09:16.049Z"}
{"level":"info","message":"Server working on http://localhost:3000","timestamp":"2025-10-08T13:12:19.728Z"}
{"databaseUrl":"file:./sqlite.db","emailRowsAffected":1,"existedAfter":false,"existedBefore":true,"id":"jtyxzrv9eog9m99tm6xv4xj9","level":"info","message":"DELETE /users/:id diagnostics","method":"DELETE","path":"/users/jtyxzrv9eog9m99tm6xv4xj9","query":{},"timestamp":"2025-10-08T13:12:21.023Z","userRowsAffected":1}
{"level":"info","message":"Server working on http://localhost:3000","timestamp":"2025-10-08T13:12:37.241Z"}
{"level":"info","message":"Server working on http://localhost:3000","timestamp":"2025-10-08T13:13:10.546Z"}
{"level":"info","message":"Server working on http://localhost:3000","timestamp":"2025-10-08T13:13:37.070Z"}
{"level":"info","message":"Server working on http://localhost:3000","timestamp":"2025-10-08T13:18:24.170Z"}
{"level":"info","message":"Server working on http://localhost:3000","timestamp":"2025-10-08T13:20:39.061Z"}
{"level":"info","message":"Server working on http://localhost:3000","timestamp":"2025-10-08T13:22:47.852Z"}
{"level":"info","message":"Server working on http://localhost:3000","timestamp":"2025-10-08T13:27:14.361Z"}
{"level":"info","message":"Server working on http://localhost:3000","timestamp":"2025-10-08T13:28:05.497Z"}
{"level":"error","message":"User registration failed Email already registered","stack":"Error: Email already registered\n    at C:\\Users\\ozgur\\Projects\\jstest\\apps\\api\\src\\routes\\auth\\register.ts:24:15\n    at processTicksAndRejections (node:internal/process/task_queues:105:5)\n    at LibSQLSession.transaction (C:\\Users\\ozgur\\Projects\\jstest\\node_modules\\src\\libsql\\session.ts:122:19)\n    at register (C:\\Users\\ozgur\\Projects\\jstest\\apps\\api\\src\\routes\\auth\\register.ts:18:20)","timestamp":"2025-10-08T13:28:48.092Z"}
{"body":{"age":25,"emails":["artok@gmail.com"],"name":"Ozgur Ar","role":"customer"},"error":{},"level":"debug","message":"Registration debug info","timestamp":"2025-10-08T13:28:48.093Z"}
{"level":"info","message":"Server working on http://localhost:3000","timestamp":"2025-10-08T16:59:45.909Z"}
{"error":{"expiredAt":"2025-10-08T14:30:46.000Z","message":"jwt expired","name":"TokenExpiredError"},"level":"debug","message":"Token verification failed","timestamp":"2025-10-08T16:59:49.254Z"}
{"error":{},"level":"debug","message":"Authorization failed","timestamp":"2025-10-08T16:59:49.255Z"}
{"level":"error","message":"User registration failed Email already registered","stack":"Error: Email already registered\n    at C:\\Users\\ozgur\\Projects\\jstest\\apps\\api\\src\\routes\\auth\\register.ts:24:15\n    at processTicksAndRejections (node:internal/process/task_queues:105:5)\n    at LibSQLSession.transaction (C:\\Users\\ozgur\\Projects\\jstest\\node_modules\\src\\libsql\\session.ts:122:19)\n    at register (C:\\Users\\ozgur\\Projects\\jstest\\apps\\api\\src\\routes\\auth\\register.ts:18:20)","timestamp":"2025-10-08T17:00:03.983Z"}
{"body":{"age":25,"emails":["artok123@gmail.com"],"name":"Ozgur Ar","role":"admin"},"error":{},"level":"debug","message":"Registration debug info","timestamp":"2025-10-08T17:00:03.984Z"}
{"level":"info","message":"Server working on http://localhost:3000","timestamp":"2025-10-08T17:02:23.660Z"}
{"level":"info","message":"Server working on http://localhost:3000","timestamp":"2025-10-08T17:09:01.616Z"}
{"level":"info","message":"Server working on http://localhost:3000","timestamp":"2025-10-08T18:25:51.781Z"}
{"level":"info","message":"Server working on http://localhost:3000","timestamp":"2025-10-08T18:26:05.854Z"}
{"level":"error","message":"User registration failed Email already registered","stack":"Error: Email already registered\n    at C:\\Users\\ozgur\\Projects\\jstest\\apps\\api\\src\\routes\\auth\\register.ts:24:15\n    at processTicksAndRejections (node:internal/process/task_queues:105:5)\n    at LibSQLSession.transaction (C:\\Users\\ozgur\\Projects\\jstest\\node_modules\\src\\libsql\\session.ts:122:19)\n    at register (C:\\Users\\ozgur\\Projects\\jstest\\apps\\api\\src\\routes\\auth\\register.ts:18:20)","timestamp":"2025-10-08T18:28:01.033Z"}
{"body":{"age":25,"emails":["artok1231@gmail.com"],"name":"Ozgur Ar","role":"customer"},"error":{},"level":"debug","message":"Registration debug info","timestamp":"2025-10-08T18:28:01.034Z"}
{"level":"info","message":"Server working on http://localhost:3000","timestamp":"2025-10-08T18:38:20.803Z"}
{"level":"info","message":"Server working on http://localhost:3000","timestamp":"2025-10-08T18:49:36.773Z"}
{"level":"info","message":"Server working on http://localhost:3000","timestamp":"2025-10-08T18:51:16.334Z"}
{"level":"info","message":"Server working on http://localhost:3000","timestamp":"2025-10-08T18:51:42.400Z"}
